>>>>[ctest_core] loading mapping ../generate_mapping/results/hadoop-distcp/param_unset_getter_map.json
>>>>[ctest_core] loading mapping ../generate_mapping/results/hadoop-distcp/param_unset_getter_map.json
>>>>[ctest_core] running project hadoop-distcp
>>>>[ctest_core] # parameters associated with the run: 1
>>>>[ctest_core] start running ctests for 1 parameters
>>>>[ctest_core] splitting into 1 ctest group
>>>>[ctest_core] group 0, tested_params: hadoop.security.auth_to_local.mechanism, group size: 1
>>>>[ctest_core] injecting hadoop.security.auth_to_local.mechanism with value none
>>>>[ctest_core] injecting into file: /home/yuanfei2/IDoCT/run_ctest/../../hadoop/hadoop-tools/hadoop-distcp/target/classes/distcp-ctest.xml
>>>>[ctest_core] running group 0 where 1 params shares 1 ctests
>>>>[ctest_core] chdir to /home/yuanfei2/IDoCT/run_ctest/../../hadoop/hadoop-tools/hadoop-distcp
>>>>[ctest_core] command: mvn surefire:test -Dtest=org.apache.hadoop.tools.contract.TestLocalContractDistCp#testDirectWrite,
>>>>[ctest_core] chdir to /home/yuanfei2/IDoCT/run_ctest/run_ctest
[INFO] Scanning for projects...
[INFO] ------------------------------------------------------------------------
[INFO] Detecting the operating system and CPU architecture
[INFO] ------------------------------------------------------------------------
[INFO] os.detected.name: linux
[INFO] os.detected.arch: x86_64
[INFO] os.detected.bitness: 64
[INFO] os.detected.version: 5.4
[INFO] os.detected.version.major: 5
[INFO] os.detected.version.minor: 4
[INFO] os.detected.release: ubuntu
[INFO] os.detected.release.version: 20.04
[INFO] os.detected.release.like.ubuntu: true
[INFO] os.detected.release.like.debian: true
[INFO] os.detected.classifier: linux-x86_64
[INFO] 
[INFO] ------------------< org.apache.hadoop:hadoop-distcp >-------------------
[INFO] Building Apache Hadoop Distributed Copy 3.4.0-SNAPSHOT
[INFO] --------------------------------[ jar ]---------------------------------
[INFO] 
[INFO] --- maven-surefire-plugin:3.0.0-M4:test (default-cli) @ hadoop-distcp ---
[INFO] 
[INFO] -------------------------------------------------------
[INFO]  T E S T S
[INFO] -------------------------------------------------------
[INFO] Running org.apache.hadoop.tools.contract.TestLocalContractDistCp
2022-11-30 18:10:33,509 [setup] WARN  conf.Configuration (Configuration.java:set(1457)) - [CTEST][SET-PARAM] mapred.job.tracker java.lang.Thread	org.apache.hadoop.conf.Configuration	org.apache.hadoop.conf.Configuration	org.apache.hadoop.conf.Configuration	org.apache.hadoop.conf.Configuration	org.apache.hadoop.tools.contract.AbstractContractDistCpTest	org.apache.hadoop.fs.contract.AbstractFSContractTestBase	org.apache.hadoop.tools.contract.AbstractContractDistCpTest	sun.reflect.NativeMethodAccessorImpl	sun.reflect.NativeMethodAccessorImpl	sun.reflect.DelegatingMethodAccessorImpl	java.lang.reflect.Method	org.junit.runners.model.FrameworkMethod$1	org.junit.internal.runners.model.ReflectiveCallable	org.junit.runners.model.FrameworkMethod	org.junit.internal.runners.statements.RunBefores	org.junit.internal.runners.statements.RunBefores	org.junit.internal.runners.statements.RunAfters	org.junit.rules.TestWatcher$1	org.junit.rules.TestWatcher$1	org.junit.internal.runners.statements.FailOnTimeout$CallableStatement	org.junit.internal.runners.statements.FailOnTimeout$CallableStatement	java.util.concurrent.FutureTask	java.lang.Thread	
[CTEST][SET-PARAM] mapred.job.tracker java.lang.Thread	org.apache.hadoop.conf.Configuration	org.apache.hadoop.conf.Configuration	org.apache.hadoop.conf.Configuration	org.apache.hadoop.conf.Configuration	org.apache.hadoop.tools.contract.AbstractContractDistCpTest	org.apache.hadoop.fs.contract.AbstractFSContractTestBase	org.apache.hadoop.tools.contract.AbstractContractDistCpTest	sun.reflect.NativeMethodAccessorImpl	sun.reflect.NativeMethodAccessorImpl	sun.reflect.DelegatingMethodAccessorImpl	java.lang.reflect.Method	org.junit.runners.model.FrameworkMethod$1	org.junit.internal.runners.model.ReflectiveCallable	org.junit.runners.model.FrameworkMethod	org.junit.internal.runners.statements.RunBefores	org.junit.internal.runners.statements.RunBefores	org.junit.internal.runners.statements.RunAfters	org.junit.rules.TestWatcher$1	org.junit.rules.TestWatcher$1	org.junit.internal.runners.statements.FailOnTimeout$CallableStatement	org.junit.internal.runners.statements.FailOnTimeout$CallableStatement	java.util.concurrent.FutureTask	java.lang.Thread	
2022-11-30 18:10:33,527 [setup] WARN  conf.Configuration (Configuration.java:set(1459)) - [MYCTEST][SET-PARAM] mapred.job.tracker [Result] local
[MYCTEST][SET-PARAM] mapred.job.tracker [Result] local
[myctest config:] Configuration: core-default.xml, core-site.xml, distcp-ctest.xml
2022-11-30 18:10:33,815 [setup] WARN  conf.Configuration (Configuration.java:get(1278)) - [CTEST][GET-PARAM] fs.creation.parallel.count
[CTEST][GET-PARAM] fs.creation.parallel.count
2022-11-30 18:10:33,816 [setup] WARN  conf.Configuration (Configuration.java:get(1280)) - [MYCTEST][GET-PARAM] fs.creation.parallel.count [Result] null
[MYCTEST][GET-PARAM] fs.creation.parallel.count [Result] null
2022-11-30 18:10:33,835 [setup] WARN  conf.Configuration (Configuration.java:get(1278)) - [CTEST][GET-PARAM] fs.defaultFS
[CTEST][GET-PARAM] fs.defaultFS
2022-11-30 18:10:33,835 [setup] WARN  conf.Configuration (Configuration.java:get(1280)) - [MYCTEST][GET-PARAM] fs.defaultFS [Result] file:///
[MYCTEST][GET-PARAM] fs.defaultFS [Result] file:///
2022-11-30 18:10:33,835 [setup] WARN  conf.Configuration (Configuration.java:get(1278)) - [CTEST][GET-PARAM] fs.file.impl.disable.cache
[CTEST][GET-PARAM] fs.file.impl.disable.cache
2022-11-30 18:10:33,838 [setup] WARN  conf.Configuration (Configuration.java:get(1280)) - [MYCTEST][GET-PARAM] fs.file.impl.disable.cache [Result] null
[MYCTEST][GET-PARAM] fs.file.impl.disable.cache [Result] null
2022-11-30 18:10:33,996 [setup] WARN  conf.Configuration (Configuration.java:get(1278)) - [CTEST][GET-PARAM] hadoop.security.token.service.use_ip
[CTEST][GET-PARAM] hadoop.security.token.service.use_ip
2022-11-30 18:10:33,996 [setup] WARN  conf.Configuration (Configuration.java:get(1280)) - [MYCTEST][GET-PARAM] hadoop.security.token.service.use_ip [Result] true
[MYCTEST][GET-PARAM] hadoop.security.token.service.use_ip [Result] true
2022-11-30 18:10:33,997 [setup] WARN  conf.Configuration (Configuration.java:get(1278)) - [CTEST][GET-PARAM] hadoop.security.dns.log-slow-lookups.enabled
[CTEST][GET-PARAM] hadoop.security.dns.log-slow-lookups.enabled
2022-11-30 18:10:33,998 [setup] WARN  conf.Configuration (Configuration.java:get(1280)) - [MYCTEST][GET-PARAM] hadoop.security.dns.log-slow-lookups.enabled [Result] false
[MYCTEST][GET-PARAM] hadoop.security.dns.log-slow-lookups.enabled [Result] false
2022-11-30 18:10:33,998 [setup] WARN  conf.Configuration (Configuration.java:get(1278)) - [CTEST][GET-PARAM] hadoop.security.dns.log-slow-lookups.threshold.ms
[CTEST][GET-PARAM] hadoop.security.dns.log-slow-lookups.threshold.ms
2022-11-30 18:10:33,998 [setup] WARN  conf.Configuration (Configuration.java:get(1280)) - [MYCTEST][GET-PARAM] hadoop.security.dns.log-slow-lookups.threshold.ms [Result] 1000
[MYCTEST][GET-PARAM] hadoop.security.dns.log-slow-lookups.threshold.ms [Result] 1000
2022-11-30 18:10:34,010 [setup] WARN  conf.Configuration (Configuration.java:get(1278)) - [CTEST][GET-PARAM] hadoop.security.resolver.impl
[CTEST][GET-PARAM] hadoop.security.resolver.impl
2022-11-30 18:10:34,010 [setup] WARN  conf.Configuration (Configuration.java:get(1280)) - [MYCTEST][GET-PARAM] hadoop.security.resolver.impl [Result] org.apache.hadoop.net.DNSDomainNameResolver
[MYCTEST][GET-PARAM] hadoop.security.resolver.impl [Result] org.apache.hadoop.net.DNSDomainNameResolver
2022-11-30 18:10:34,103 [setup] WARN  conf.Configuration (Configuration.java:get(1576)) - [CTEST][GET-PARAM] hadoop.security.authentication
[CTEST][GET-PARAM] hadoop.security.authentication
2022-11-30 18:10:34,109 [setup] WARN  conf.Configuration (Configuration.java:get(1578)) - [MYCTEST][GET-PARAM] hadoop.security.authentication [Result] simple
[MYCTEST][GET-PARAM] hadoop.security.authentication [Result] simple
2022-11-30 18:10:34,115 [setup] WARN  conf.Configuration (Configuration.java:get(1576)) - [CTEST][GET-PARAM] hadoop.security.authentication
[CTEST][GET-PARAM] hadoop.security.authentication
2022-11-30 18:10:34,116 [setup] WARN  conf.Configuration (Configuration.java:get(1578)) - [MYCTEST][GET-PARAM] hadoop.security.authentication [Result] simple
[MYCTEST][GET-PARAM] hadoop.security.authentication [Result] simple
2022-11-30 18:10:34,116 [setup] WARN  conf.Configuration (Configuration.java:get(1576)) - [CTEST][GET-PARAM] hadoop.security.auth_to_local
[CTEST][GET-PARAM] hadoop.security.auth_to_local
2022-11-30 18:10:34,117 [setup] WARN  conf.Configuration (Configuration.java:get(1578)) - [MYCTEST][GET-PARAM] hadoop.security.auth_to_local [Result] RULE:[1:$1] RULE:[2:$1]
[MYCTEST][GET-PARAM] hadoop.security.auth_to_local [Result] RULE:[1:$1] RULE:[2:$1]
2022-11-30 18:10:34,120 [setup] WARN  conf.Configuration (Configuration.java:get(1576)) - [CTEST][GET-PARAM] hadoop.security.auth_to_local.mechanism
[CTEST][GET-PARAM] hadoop.security.auth_to_local.mechanism
2022-11-30 18:10:34,120 [setup] WARN  conf.Configuration (Configuration.java:get(1578)) - [MYCTEST][GET-PARAM] hadoop.security.auth_to_local.mechanism [Result] none
[MYCTEST][GET-PARAM] hadoop.security.auth_to_local.mechanism [Result] none
[ERROR] Tests run: 1, Failures: 0, Errors: 1, Skipped: 0, Time elapsed: 0.933 s <<< FAILURE! - in org.apache.hadoop.tools.contract.TestLocalContractDistCp
[ERROR] org.apache.hadoop.tools.contract.TestLocalContractDistCp.testDirectWrite  Time elapsed: 0.693 s  <<< ERROR!
java.lang.IllegalArgumentException: Invalid rule mechanism: none
	at org.apache.hadoop.security.authentication.util.KerberosName.setRuleMechanism(KerberosName.java:487)
	at org.apache.hadoop.security.HadoopKerberosName.setConfiguration(HadoopKerberosName.java:84)
	at org.apache.hadoop.security.UserGroupInformation.initialize(UserGroupInformation.java:314)
	at org.apache.hadoop.security.UserGroupInformation.ensureInitialized(UserGroupInformation.java:299)
	at org.apache.hadoop.security.UserGroupInformation.getCurrentUser(UserGroupInformation.java:574)
	at org.apache.hadoop.fs.FileSystem$Cache$Key.<init>(FileSystem.java:3868)
	at org.apache.hadoop.fs.FileSystem$Cache$Key.<init>(FileSystem.java:3858)
	at org.apache.hadoop.fs.FileSystem$Cache.get(FileSystem.java:3646)
	at org.apache.hadoop.fs.FileSystem.get(FileSystem.java:555)
	at org.apache.hadoop.fs.FileSystem.getLocal(FileSystem.java:508)
	at org.apache.hadoop.fs.contract.localfs.LocalFSContract.getLocalFS(LocalFSContract.java:89)
	at org.apache.hadoop.fs.contract.localfs.LocalFSContract.init(LocalFSContract.java:63)
	at org.apache.hadoop.fs.contract.AbstractFSContractTestBase.setup(AbstractFSContractTestBase.java:189)
	at org.apache.hadoop.tools.contract.AbstractContractDistCpTest.setup(AbstractContractDistCpTest.java:162)
	at sun.reflect.NativeMethodAccessorImpl.invoke0(Native Method)
	at sun.reflect.NativeMethodAccessorImpl.invoke(NativeMethodAccessorImpl.java:62)
	at sun.reflect.DelegatingMethodAccessorImpl.invoke(DelegatingMethodAccessorImpl.java:43)
	at java.lang.reflect.Method.invoke(Method.java:498)
	at org.junit.runners.model.FrameworkMethod$1.runReflectiveCall(FrameworkMethod.java:59)
	at org.junit.internal.runners.model.ReflectiveCallable.run(ReflectiveCallable.java:12)
	at org.junit.runners.model.FrameworkMethod.invokeExplosively(FrameworkMethod.java:56)
	at org.junit.internal.runners.statements.RunBefores.invokeMethod(RunBefores.java:33)
	at org.junit.internal.runners.statements.RunBefores.evaluate(RunBefores.java:24)
	at org.junit.internal.runners.statements.RunAfters.evaluate(RunAfters.java:27)
	at org.junit.rules.TestWatcher$1.evaluate(TestWatcher.java:61)
	at org.junit.rules.TestWatcher$1.evaluate(TestWatcher.java:61)
	at org.junit.internal.runners.statements.FailOnTimeout$CallableStatement.call(FailOnTimeout.java:299)
	at org.junit.internal.runners.statements.FailOnTimeout$CallableStatement.call(FailOnTimeout.java:293)
	at java.util.concurrent.FutureTask.run(FutureTask.java:266)
	at java.lang.Thread.run(Thread.java:750)

[INFO] 
[INFO] Results:
[INFO] 
[ERROR] Errors: 
[ERROR]   TestLocalContractDistCp>AbstractContractDistCpTest.setup:162->AbstractFSContractTestBase.setup:189  IllegalArgument
[INFO] 
[ERROR] Tests run: 1, Failures: 0, Errors: 1, Skipped: 0
[INFO] 
[ERROR] There are test failures.

Please refer to /home/yuanfei2/hadoop/hadoop-tools/hadoop-distcp/target/surefire-reports for the individual test results.
Please refer to dump files (if any exist) [date].dump, [date]-jvmRun[N].dump and [date].dumpstream.
[INFO] ------------------------------------------------------------------------
[INFO] BUILD SUCCESS
[INFO] ------------------------------------------------------------------------
[INFO] Total time:  4.695 s
[INFO] Finished at: 2022-11-30T18:10:34-06:00
[INFO] ------------------------------------------------------------------------

>>>>[ctest_core] surefire report path: /home/yuanfei2/IDoCT/run_ctest/../../hadoop/hadoop-tools/hadoop-distcp/target/surefire-reports/TEST-org.apache.hadoop.tools.contract.TestLocalContractDistCp.xml
>>>>[ctest_core] test class outcome: {'{http://www.w3.org/2001/XMLSchema-instance}noNamespaceSchemaLocation': 'https://maven.apache.org/surefire/maven-surefire-plugin/xsd/surefire-test-report-3.0.xsd', 'version': '3.0', 'name': 'org.apache.hadoop.tools.contract.TestLocalContractDistCp', 'time': '0.933', 'tests': '1', 'errors': '1', 'skipped': '0', 'failures': '0'}
>>>>[ctest_core] unit test outcome: {'name': 'testDirectWrite', 'classname': 'org.apache.hadoop.tools.contract.TestLocalContractDistCp', 'time': '0.693'}
>>>>[ctest_core] result to be return:
org.apache.hadoop.tools.contract.TestLocalContractDistCp#testDirectWrite with running time 0.693 failed
>>>>[ctest_core] failed test output: java.lang.IllegalArgumentException: Invalid rule mechanism: none
	at org.apache.hadoop.security.authentication.util.KerberosName.setRuleMechanism(KerberosName.java:487)
	at org.apache.hadoop.security.HadoopKerberosName.setConfiguration(HadoopKerberosName.java:84)
	at org.apache.hadoop.security.UserGroupInformation.initialize(UserGroupInformation.java:314)
	at org.apache.hadoop.security.UserGroupInformation.ensureInitialized(UserGroupInformation.java:299)
	at org.apache.hadoop.security.UserGroupInformation.getCurrentUser(UserGroupInformation.java:574)
	at org.apache.hadoop.fs.FileSystem$Cache$Key.<init>(FileSystem.java:3868)
	at org.apache.hadoop.fs.FileSystem$Cache$Key.<init>(FileSystem.java:3858)
	at org.apache.hadoop.fs.FileSystem$Cache.get(FileSystem.java:3646)
	at org.apache.hadoop.fs.FileSystem.get(FileSystem.java:555)
	at org.apache.hadoop.fs.FileSystem.getLocal(FileSystem.java:508)
	at org.apache.hadoop.fs.contract.localfs.LocalFSContract.getLocalFS(LocalFSContract.java:89)
	at org.apache.hadoop.fs.contract.localfs.LocalFSContract.init(LocalFSContract.java:63)
	at org.apache.hadoop.fs.contract.AbstractFSContractTestBase.setup(AbstractFSContractTestBase.java:189)
	at org.apache.hadoop.tools.contract.AbstractContractDistCpTest.setup(AbstractContractDistCpTest.java:162)
	at sun.reflect.NativeMethodAccessorImpl.invoke0(Native Method)
	at sun.reflect.NativeMethodAccessorImpl.invoke(NativeMethodAccessorImpl.java:62)
	at sun.reflect.DelegatingMethodAccessorImpl.invoke(DelegatingMethodAccessorImpl.java:43)
	at java.lang.reflect.Method.invoke(Method.java:498)
	at org.junit.runners.model.FrameworkMethod$1.runReflectiveCall(FrameworkMethod.java:59)
	at org.junit.internal.runners.model.ReflectiveCallable.run(ReflectiveCallable.java:12)
	at org.junit.runners.model.FrameworkMethod.invokeExplosively(FrameworkMethod.java:56)
	at org.junit.internal.runners.statements.RunBefores.invokeMethod(RunBefores.java:33)
	at org.junit.internal.runners.statements.RunBefores.evaluate(RunBefores.java:24)
	at org.junit.internal.runners.statements.RunAfters.evaluate(RunAfters.java:27)
	at org.junit.rules.TestWatcher$1.evaluate(TestWatcher.java:61)
	at org.junit.rules.TestWatcher$1.evaluate(TestWatcher.java:61)
	at org.junit.internal.runners.statements.FailOnTimeout$CallableStatement.call(FailOnTimeout.java:299)
	at org.junit.internal.runners.statements.FailOnTimeout$CallableStatement.call(FailOnTimeout.java:293)
	at java.util.concurrent.FutureTask.run(FutureTask.java:266)
	at java.lang.Thread.run(Thread.java:750)

>>>>[ctest_core] chdir to /home/yuanfei2/IDoCT/run_ctest/run_ctest
>>>>[ctest_core] python-timed for running config file: 6.225558519363403
>>>>[ctest_core] The single ctest FAIL
>>>>[ctest_core] total time: 6.225727081298828 seconds
