>>>>[ctest_core] loading mapping ../generate_mapping/results/hadoop-yarn-common/param_unset_getter_map.json
>>>>[ctest_core] loading mapping ../generate_mapping/results/hadoop-yarn-common/param_unset_getter_map.json
>>>>[ctest_core] running project hadoop-yarn-common
>>>>[ctest_core] # parameters associated with the run: 1
>>>>[ctest_core] start running ctests for 1 parameters
>>>>[ctest_core] splitting into 1 ctest group
>>>>[ctest_core] group 0, tested_params: hadoop.security.auth_to_local.mechanism, group size: 1
>>>>[ctest_core] injecting hadoop.security.auth_to_local.mechanism with value none
>>>>[ctest_core] injecting into file: /home/yuanfei2/IDoCT/run_ctest/../../hadoop/hadoop-yarn-project/hadoop-yarn/hadoop-yarn-common/target/classes/yarn-common-ctest.xml
>>>>[ctest_core] running group 0 where 1 params shares 1 ctests
>>>>[ctest_core] chdir to /home/yuanfei2/IDoCT/run_ctest/../../hadoop/hadoop-yarn-project/hadoop-yarn/hadoop-yarn-common
>>>>[ctest_core] command: mvn surefire:test -Dtest=org.apache.hadoop.yarn.client.api.impl.TestTimelineClient#testDelegationTokenOperationsRetry,
>>>>[ctest_core] chdir to /home/yuanfei2/IDoCT/run_ctest/run_ctest
[INFO] Scanning for projects...
[WARNING] 
[WARNING] Some problems were encountered while building the effective model for org.apache.hadoop:hadoop-yarn-common:jar:3.4.0-SNAPSHOT
[WARNING] 'build.plugins.plugin.(groupId:artifactId)' must be unique but found duplicate declaration of plugin org.apache.maven.plugins:maven-surefire-plugin @ org.apache.hadoop:hadoop-yarn:3.4.0-SNAPSHOT, /home/yuanfei2/hadoop/hadoop-yarn-project/hadoop-yarn/pom.xml, line 78, column 15
[WARNING] 
[WARNING] It is highly recommended to fix these problems because they threaten the stability of your build.
[WARNING] 
[WARNING] For this reason, future Maven versions might no longer support building such malformed projects.
[WARNING] 
[INFO] ------------------------------------------------------------------------
[INFO] Detecting the operating system and CPU architecture
[INFO] ------------------------------------------------------------------------
[INFO] os.detected.name: linux
[INFO] os.detected.arch: x86_64
[INFO] os.detected.bitness: 64
[INFO] os.detected.version: 5.4
[INFO] os.detected.version.major: 5
[INFO] os.detected.version.minor: 4
[INFO] os.detected.release: ubuntu
[INFO] os.detected.release.version: 20.04
[INFO] os.detected.release.like.ubuntu: true
[INFO] os.detected.release.like.debian: true
[INFO] os.detected.classifier: linux-x86_64
[INFO] 
[INFO] ----------------< org.apache.hadoop:hadoop-yarn-common >----------------
[INFO] Building Apache Hadoop YARN Common 3.4.0-SNAPSHOT
[INFO] --------------------------------[ jar ]---------------------------------
[INFO] 
[INFO] --- maven-surefire-plugin:3.0.0-M4:test (default-cli) @ hadoop-yarn-common ---
[INFO] 
[INFO] -------------------------------------------------------
[INFO]  T E S T S
[INFO] -------------------------------------------------------
[INFO] Running org.apache.hadoop.yarn.client.api.impl.TestTimelineClient
2022-11-30 21:34:04,824 WARN  [main] conf.Configuration (Configuration.java:set(1456)) - [CTEST][SET-PARAM] yarn.timeline-service.enabled java.lang.Thread	org.apache.hadoop.conf.Configuration	org.apache.hadoop.conf.Configuration	org.apache.hadoop.conf.Configuration	org.apache.hadoop.conf.Configuration	org.apache.hadoop.conf.Configuration	org.apache.hadoop.yarn.client.api.impl.TestTimelineClient	sun.reflect.NativeMethodAccessorImpl	sun.reflect.NativeMethodAccessorImpl	sun.reflect.DelegatingMethodAccessorImpl	java.lang.reflect.Method	org.junit.runners.model.FrameworkMethod$1	org.junit.internal.runners.model.ReflectiveCallable	org.junit.runners.model.FrameworkMethod	org.junit.internal.runners.statements.RunBefores	org.junit.internal.runners.statements.RunBefores	org.junit.internal.runners.statements.RunAfters	org.junit.runners.ParentRunner$3	org.junit.runners.BlockJUnit4ClassRunner$1	org.junit.runners.ParentRunner	org.junit.runners.BlockJUnit4ClassRunner	org.junit.runners.BlockJUnit4ClassRunner	org.junit.runners.ParentRunner$4	org.junit.runners.ParentRunner$1	org.junit.runners.ParentRunner	org.junit.runners.ParentRunner	org.junit.runners.ParentRunner$2	org.junit.runners.ParentRunner$3	org.junit.runners.ParentRunner	org.apache.maven.surefire.junit4.JUnit4Provider	org.apache.maven.surefire.junit4.JUnit4Provider	org.apache.maven.surefire.junit4.JUnit4Provider	org.apache.maven.surefire.junit4.JUnit4Provider	org.apache.maven.surefire.booter.ForkedBooter	org.apache.maven.surefire.booter.ForkedBooter	org.apache.maven.surefire.booter.ForkedBooter	org.apache.maven.surefire.booter.ForkedBooter	
[CTEST][SET-PARAM] yarn.timeline-service.enabled java.lang.Thread	org.apache.hadoop.conf.Configuration	org.apache.hadoop.conf.Configuration	org.apache.hadoop.conf.Configuration	org.apache.hadoop.conf.Configuration	org.apache.hadoop.conf.Configuration	org.apache.hadoop.yarn.client.api.impl.TestTimelineClient	sun.reflect.NativeMethodAccessorImpl	sun.reflect.NativeMethodAccessorImpl	sun.reflect.DelegatingMethodAccessorImpl	java.lang.reflect.Method	org.junit.runners.model.FrameworkMethod$1	org.junit.internal.runners.model.ReflectiveCallable	org.junit.runners.model.FrameworkMethod	org.junit.internal.runners.statements.RunBefores	org.junit.internal.runners.statements.RunBefores	org.junit.internal.runners.statements.RunAfters	org.junit.runners.ParentRunner$3	org.junit.runners.BlockJUnit4ClassRunner$1	org.junit.runners.ParentRunner	org.junit.runners.BlockJUnit4ClassRunner	org.junit.runners.BlockJUnit4ClassRunner	org.junit.runners.ParentRunner$4	org.junit.runners.ParentRunner$1	org.junit.runners.ParentRunner	org.junit.runners.ParentRunner	org.junit.runners.ParentRunner$2	org.junit.runners.ParentRunner$3	org.junit.runners.ParentRunner	org.apache.maven.surefire.junit4.JUnit4Provider	org.apache.maven.surefire.junit4.JUnit4Provider	org.apache.maven.surefire.junit4.JUnit4Provider	org.apache.maven.surefire.junit4.JUnit4Provider	org.apache.maven.surefire.booter.ForkedBooter	org.apache.maven.surefire.booter.ForkedBooter	org.apache.maven.surefire.booter.ForkedBooter	org.apache.maven.surefire.booter.ForkedBooter	
2022-11-30 21:34:04,829 WARN  [main] conf.Configuration (Configuration.java:set(1458)) - [MYCTEST][SET-PARAM] yarn.timeline-service.enabled [Result] true
[MYCTEST][SET-PARAM] yarn.timeline-service.enabled [Result] true
2022-11-30 21:34:05,042 WARN  [main] conf.Configuration (Configuration.java:set(1456)) - [CTEST][SET-PARAM] yarn.timeline-service.version java.lang.Thread	org.apache.hadoop.conf.Configuration	org.apache.hadoop.conf.Configuration	org.apache.hadoop.conf.Configuration	org.apache.hadoop.conf.Configuration	org.apache.hadoop.conf.Configuration	org.apache.hadoop.yarn.client.api.impl.TestTimelineClient	sun.reflect.NativeMethodAccessorImpl	sun.reflect.NativeMethodAccessorImpl	sun.reflect.DelegatingMethodAccessorImpl	java.lang.reflect.Method	org.junit.runners.model.FrameworkMethod$1	org.junit.internal.runners.model.ReflectiveCallable	org.junit.runners.model.FrameworkMethod	org.junit.internal.runners.statements.RunBefores	org.junit.internal.runners.statements.RunBefores	org.junit.internal.runners.statements.RunAfters	org.junit.runners.ParentRunner$3	org.junit.runners.BlockJUnit4ClassRunner$1	org.junit.runners.ParentRunner	org.junit.runners.BlockJUnit4ClassRunner	org.junit.runners.BlockJUnit4ClassRunner	org.junit.runners.ParentRunner$4	org.junit.runners.ParentRunner$1	org.junit.runners.ParentRunner	org.junit.runners.ParentRunner	org.junit.runners.ParentRunner$2	org.junit.runners.ParentRunner$3	org.junit.runners.ParentRunner	org.apache.maven.surefire.junit4.JUnit4Provider	org.apache.maven.surefire.junit4.JUnit4Provider	org.apache.maven.surefire.junit4.JUnit4Provider	org.apache.maven.surefire.junit4.JUnit4Provider	org.apache.maven.surefire.booter.ForkedBooter	org.apache.maven.surefire.booter.ForkedBooter	org.apache.maven.surefire.booter.ForkedBooter	org.apache.maven.surefire.booter.ForkedBooter	
[CTEST][SET-PARAM] yarn.timeline-service.version java.lang.Thread	org.apache.hadoop.conf.Configuration	org.apache.hadoop.conf.Configuration	org.apache.hadoop.conf.Configuration	org.apache.hadoop.conf.Configuration	org.apache.hadoop.conf.Configuration	org.apache.hadoop.yarn.client.api.impl.TestTimelineClient	sun.reflect.NativeMethodAccessorImpl	sun.reflect.NativeMethodAccessorImpl	sun.reflect.DelegatingMethodAccessorImpl	java.lang.reflect.Method	org.junit.runners.model.FrameworkMethod$1	org.junit.internal.runners.model.ReflectiveCallable	org.junit.runners.model.FrameworkMethod	org.junit.internal.runners.statements.RunBefores	org.junit.internal.runners.statements.RunBefores	org.junit.internal.runners.statements.RunAfters	org.junit.runners.ParentRunner$3	org.junit.runners.BlockJUnit4ClassRunner$1	org.junit.runners.ParentRunner	org.junit.runners.BlockJUnit4ClassRunner	org.junit.runners.BlockJUnit4ClassRunner	org.junit.runners.ParentRunner$4	org.junit.runners.ParentRunner$1	org.junit.runners.ParentRunner	org.junit.runners.ParentRunner	org.junit.runners.ParentRunner$2	org.junit.runners.ParentRunner$3	org.junit.runners.ParentRunner	org.apache.maven.surefire.junit4.JUnit4Provider	org.apache.maven.surefire.junit4.JUnit4Provider	org.apache.maven.surefire.junit4.JUnit4Provider	org.apache.maven.surefire.junit4.JUnit4Provider	org.apache.maven.surefire.booter.ForkedBooter	org.apache.maven.surefire.booter.ForkedBooter	org.apache.maven.surefire.booter.ForkedBooter	org.apache.maven.surefire.booter.ForkedBooter	
2022-11-30 21:34:05,043 WARN  [main] conf.Configuration (Configuration.java:set(1458)) - [MYCTEST][SET-PARAM] yarn.timeline-service.version [Result] 1.0
[MYCTEST][SET-PARAM] yarn.timeline-service.version [Result] 1.0
2022-11-30 21:34:05,307 WARN  [main] conf.Configuration (Configuration.java:get(1277)) - [CTEST][GET-PARAM] yarn.timeline-service.enabled
[CTEST][GET-PARAM] yarn.timeline-service.enabled
2022-11-30 21:34:05,308 WARN  [main] conf.Configuration (Configuration.java:get(1279)) - [MYCTEST][GET-PARAM] yarn.timeline-service.enabled [Result] true
[MYCTEST][GET-PARAM] yarn.timeline-service.enabled [Result] true
2022-11-30 21:34:05,310 WARN  [main] conf.Configuration (Configuration.java:get(1277)) - [CTEST][GET-PARAM] yarn.timeline-service.versions
[CTEST][GET-PARAM] yarn.timeline-service.versions
2022-11-30 21:34:05,311 WARN  [main] conf.Configuration (Configuration.java:get(1279)) - [MYCTEST][GET-PARAM] yarn.timeline-service.versions [Result] null
[MYCTEST][GET-PARAM] yarn.timeline-service.versions [Result] null
2022-11-30 21:34:05,312 WARN  [main] conf.Configuration (Configuration.java:get(1277)) - [CTEST][GET-PARAM] yarn.timeline-service.version
[CTEST][GET-PARAM] yarn.timeline-service.version
2022-11-30 21:34:05,313 WARN  [main] conf.Configuration (Configuration.java:get(1279)) - [MYCTEST][GET-PARAM] yarn.timeline-service.version [Result] 1.0
[MYCTEST][GET-PARAM] yarn.timeline-service.version [Result] 1.0
2022-11-30 21:34:05,313 WARN  [main] conf.Configuration (Configuration.java:get(1277)) - [CTEST][GET-PARAM] yarn.timeline-service.enabled
[CTEST][GET-PARAM] yarn.timeline-service.enabled
2022-11-30 21:34:05,317 WARN  [main] conf.Configuration (Configuration.java:get(1279)) - [MYCTEST][GET-PARAM] yarn.timeline-service.enabled [Result] true
[MYCTEST][GET-PARAM] yarn.timeline-service.enabled [Result] true
2022-11-30 21:34:05,317 WARN  [main] conf.Configuration (Configuration.java:get(1277)) - [CTEST][GET-PARAM] yarn.timeline-service.versions
[CTEST][GET-PARAM] yarn.timeline-service.versions
2022-11-30 21:34:05,322 WARN  [main] conf.Configuration (Configuration.java:get(1279)) - [MYCTEST][GET-PARAM] yarn.timeline-service.versions [Result] null
[MYCTEST][GET-PARAM] yarn.timeline-service.versions [Result] null
2022-11-30 21:34:05,322 WARN  [main] conf.Configuration (Configuration.java:get(1277)) - [CTEST][GET-PARAM] yarn.timeline-service.version
[CTEST][GET-PARAM] yarn.timeline-service.version
2022-11-30 21:34:05,325 WARN  [main] conf.Configuration (Configuration.java:get(1279)) - [MYCTEST][GET-PARAM] yarn.timeline-service.version [Result] 1.0
[MYCTEST][GET-PARAM] yarn.timeline-service.version [Result] 1.0
2022-11-30 21:34:05,540 WARN  [main] conf.Configuration (Configuration.java:get(1277)) - [CTEST][GET-PARAM] hadoop.security.token.service.use_ip
[CTEST][GET-PARAM] hadoop.security.token.service.use_ip
2022-11-30 21:34:05,540 WARN  [main] conf.Configuration (Configuration.java:get(1279)) - [MYCTEST][GET-PARAM] hadoop.security.token.service.use_ip [Result] true
[MYCTEST][GET-PARAM] hadoop.security.token.service.use_ip [Result] true
2022-11-30 21:34:05,541 WARN  [main] conf.Configuration (Configuration.java:get(1277)) - [CTEST][GET-PARAM] hadoop.security.dns.log-slow-lookups.enabled
[CTEST][GET-PARAM] hadoop.security.dns.log-slow-lookups.enabled
2022-11-30 21:34:05,542 WARN  [main] conf.Configuration (Configuration.java:get(1279)) - [MYCTEST][GET-PARAM] hadoop.security.dns.log-slow-lookups.enabled [Result] false
[MYCTEST][GET-PARAM] hadoop.security.dns.log-slow-lookups.enabled [Result] false
2022-11-30 21:34:05,542 WARN  [main] conf.Configuration (Configuration.java:get(1277)) - [CTEST][GET-PARAM] hadoop.security.dns.log-slow-lookups.threshold.ms
[CTEST][GET-PARAM] hadoop.security.dns.log-slow-lookups.threshold.ms
2022-11-30 21:34:05,542 WARN  [main] conf.Configuration (Configuration.java:get(1279)) - [MYCTEST][GET-PARAM] hadoop.security.dns.log-slow-lookups.threshold.ms [Result] 1000
[MYCTEST][GET-PARAM] hadoop.security.dns.log-slow-lookups.threshold.ms [Result] 1000
2022-11-30 21:34:05,546 WARN  [main] conf.Configuration (Configuration.java:get(1277)) - [CTEST][GET-PARAM] hadoop.security.resolver.impl
[CTEST][GET-PARAM] hadoop.security.resolver.impl
2022-11-30 21:34:05,546 WARN  [main] conf.Configuration (Configuration.java:get(1279)) - [MYCTEST][GET-PARAM] hadoop.security.resolver.impl [Result] org.apache.hadoop.net.DNSDomainNameResolver
[MYCTEST][GET-PARAM] hadoop.security.resolver.impl [Result] org.apache.hadoop.net.DNSDomainNameResolver
2022-11-30 21:34:05,572 WARN  [main] conf.Configuration (Configuration.java:get(1575)) - [CTEST][GET-PARAM] hadoop.security.authentication
[CTEST][GET-PARAM] hadoop.security.authentication
2022-11-30 21:34:05,573 WARN  [main] conf.Configuration (Configuration.java:get(1577)) - [MYCTEST][GET-PARAM] hadoop.security.authentication [Result] simple
[MYCTEST][GET-PARAM] hadoop.security.authentication [Result] simple
2022-11-30 21:34:05,584 WARN  [main] conf.Configuration (Configuration.java:get(1575)) - [CTEST][GET-PARAM] hadoop.security.authentication
[CTEST][GET-PARAM] hadoop.security.authentication
2022-11-30 21:34:05,584 WARN  [main] conf.Configuration (Configuration.java:get(1577)) - [MYCTEST][GET-PARAM] hadoop.security.authentication [Result] simple
[MYCTEST][GET-PARAM] hadoop.security.authentication [Result] simple
2022-11-30 21:34:05,584 WARN  [main] conf.Configuration (Configuration.java:get(1575)) - [CTEST][GET-PARAM] hadoop.security.auth_to_local
[CTEST][GET-PARAM] hadoop.security.auth_to_local
2022-11-30 21:34:05,585 WARN  [main] conf.Configuration (Configuration.java:get(1577)) - [MYCTEST][GET-PARAM] hadoop.security.auth_to_local [Result] RULE:[1:$1] RULE:[2:$1]
[MYCTEST][GET-PARAM] hadoop.security.auth_to_local [Result] RULE:[1:$1] RULE:[2:$1]
2022-11-30 21:34:05,586 WARN  [main] conf.Configuration (Configuration.java:get(1575)) - [CTEST][GET-PARAM] hadoop.security.auth_to_local.mechanism
[CTEST][GET-PARAM] hadoop.security.auth_to_local.mechanism
2022-11-30 21:34:05,587 WARN  [main] conf.Configuration (Configuration.java:get(1577)) - [MYCTEST][GET-PARAM] hadoop.security.auth_to_local.mechanism [Result] none
[MYCTEST][GET-PARAM] hadoop.security.auth_to_local.mechanism [Result] none
2022-11-30 21:34:05,589 INFO  [main] service.AbstractService (AbstractService.java:noteFailure(268)) - Service org.apache.hadoop.yarn.client.api.impl.TimelineClientImpl failed in state INITED
java.lang.IllegalArgumentException: Invalid rule mechanism: none
	at org.apache.hadoop.security.authentication.util.KerberosName.setRuleMechanism(KerberosName.java:487)
	at org.apache.hadoop.security.HadoopKerberosName.setConfiguration(HadoopKerberosName.java:84)
	at org.apache.hadoop.security.UserGroupInformation.initialize(UserGroupInformation.java:314)
	at org.apache.hadoop.security.UserGroupInformation.ensureInitialized(UserGroupInformation.java:299)
	at org.apache.hadoop.security.UserGroupInformation.getCurrentUser(UserGroupInformation.java:574)
	at org.apache.hadoop.yarn.client.api.impl.TimelineClientImpl.serviceInit(TimelineClientImpl.java:112)
	at org.apache.hadoop.service.AbstractService.init(AbstractService.java:165)
	at org.apache.hadoop.yarn.client.api.impl.TestTimelineClient.createTimelineClient(TestTimelineClient.java:462)
	at org.apache.hadoop.yarn.client.api.impl.TestTimelineClient.setup(TestTimelineClient.java:76)
	at sun.reflect.NativeMethodAccessorImpl.invoke0(Native Method)
	at sun.reflect.NativeMethodAccessorImpl.invoke(NativeMethodAccessorImpl.java:62)
	at sun.reflect.DelegatingMethodAccessorImpl.invoke(DelegatingMethodAccessorImpl.java:43)
	at java.lang.reflect.Method.invoke(Method.java:498)
	at org.junit.runners.model.FrameworkMethod$1.runReflectiveCall(FrameworkMethod.java:59)
	at org.junit.internal.runners.model.ReflectiveCallable.run(ReflectiveCallable.java:12)
	at org.junit.runners.model.FrameworkMethod.invokeExplosively(FrameworkMethod.java:56)
	at org.junit.internal.runners.statements.RunBefores.invokeMethod(RunBefores.java:33)
	at org.junit.internal.runners.statements.RunBefores.evaluate(RunBefores.java:24)
	at org.junit.internal.runners.statements.RunAfters.evaluate(RunAfters.java:27)
	at org.junit.runners.ParentRunner$3.evaluate(ParentRunner.java:306)
	at org.junit.runners.BlockJUnit4ClassRunner$1.evaluate(BlockJUnit4ClassRunner.java:100)
	at org.junit.runners.ParentRunner.runLeaf(ParentRunner.java:366)
	at org.junit.runners.BlockJUnit4ClassRunner.runChild(BlockJUnit4ClassRunner.java:103)
	at org.junit.runners.BlockJUnit4ClassRunner.runChild(BlockJUnit4ClassRunner.java:63)
	at org.junit.runners.ParentRunner$4.run(ParentRunner.java:331)
	at org.junit.runners.ParentRunner$1.schedule(ParentRunner.java:79)
	at org.junit.runners.ParentRunner.runChildren(ParentRunner.java:329)
	at org.junit.runners.ParentRunner.access$100(ParentRunner.java:66)
	at org.junit.runners.ParentRunner$2.evaluate(ParentRunner.java:293)
	at org.junit.runners.ParentRunner$3.evaluate(ParentRunner.java:306)
	at org.junit.runners.ParentRunner.run(ParentRunner.java:413)
	at org.apache.maven.surefire.junit4.JUnit4Provider.execute(JUnit4Provider.java:365)
	at org.apache.maven.surefire.junit4.JUnit4Provider.executeWithRerun(JUnit4Provider.java:273)
	at org.apache.maven.surefire.junit4.JUnit4Provider.executeTestSet(JUnit4Provider.java:238)
	at org.apache.maven.surefire.junit4.JUnit4Provider.invoke(JUnit4Provider.java:159)
	at org.apache.maven.surefire.booter.ForkedBooter.runSuitesInProcess(ForkedBooter.java:377)
	at org.apache.maven.surefire.booter.ForkedBooter.execute(ForkedBooter.java:138)
	at org.apache.maven.surefire.booter.ForkedBooter.run(ForkedBooter.java:465)
	at org.apache.maven.surefire.booter.ForkedBooter.main(ForkedBooter.java:451)
[ERROR] Tests run: 1, Failures: 0, Errors: 1, Skipped: 0, Time elapsed: 1.348 s <<< FAILURE! - in org.apache.hadoop.yarn.client.api.impl.TestTimelineClient
[ERROR] org.apache.hadoop.yarn.client.api.impl.TestTimelineClient.testDelegationTokenOperationsRetry  Time elapsed: 1.104 s  <<< ERROR!
java.lang.IllegalArgumentException: Invalid rule mechanism: none
	at org.apache.hadoop.security.authentication.util.KerberosName.setRuleMechanism(KerberosName.java:487)
	at org.apache.hadoop.security.HadoopKerberosName.setConfiguration(HadoopKerberosName.java:84)
	at org.apache.hadoop.security.UserGroupInformation.initialize(UserGroupInformation.java:314)
	at org.apache.hadoop.security.UserGroupInformation.ensureInitialized(UserGroupInformation.java:299)
	at org.apache.hadoop.security.UserGroupInformation.getCurrentUser(UserGroupInformation.java:574)
	at org.apache.hadoop.yarn.client.api.impl.TimelineClientImpl.serviceInit(TimelineClientImpl.java:112)
	at org.apache.hadoop.service.AbstractService.init(AbstractService.java:165)
	at org.apache.hadoop.yarn.client.api.impl.TestTimelineClient.createTimelineClient(TestTimelineClient.java:462)
	at org.apache.hadoop.yarn.client.api.impl.TestTimelineClient.setup(TestTimelineClient.java:76)
	at sun.reflect.NativeMethodAccessorImpl.invoke0(Native Method)
	at sun.reflect.NativeMethodAccessorImpl.invoke(NativeMethodAccessorImpl.java:62)
	at sun.reflect.DelegatingMethodAccessorImpl.invoke(DelegatingMethodAccessorImpl.java:43)
	at java.lang.reflect.Method.invoke(Method.java:498)
	at org.junit.runners.model.FrameworkMethod$1.runReflectiveCall(FrameworkMethod.java:59)
	at org.junit.internal.runners.model.ReflectiveCallable.run(ReflectiveCallable.java:12)
	at org.junit.runners.model.FrameworkMethod.invokeExplosively(FrameworkMethod.java:56)
	at org.junit.internal.runners.statements.RunBefores.invokeMethod(RunBefores.java:33)
	at org.junit.internal.runners.statements.RunBefores.evaluate(RunBefores.java:24)
	at org.junit.internal.runners.statements.RunAfters.evaluate(RunAfters.java:27)
	at org.junit.runners.ParentRunner$3.evaluate(ParentRunner.java:306)
	at org.junit.runners.BlockJUnit4ClassRunner$1.evaluate(BlockJUnit4ClassRunner.java:100)
	at org.junit.runners.ParentRunner.runLeaf(ParentRunner.java:366)
	at org.junit.runners.BlockJUnit4ClassRunner.runChild(BlockJUnit4ClassRunner.java:103)
	at org.junit.runners.BlockJUnit4ClassRunner.runChild(BlockJUnit4ClassRunner.java:63)
	at org.junit.runners.ParentRunner$4.run(ParentRunner.java:331)
	at org.junit.runners.ParentRunner$1.schedule(ParentRunner.java:79)
	at org.junit.runners.ParentRunner.runChildren(ParentRunner.java:329)
	at org.junit.runners.ParentRunner.access$100(ParentRunner.java:66)
	at org.junit.runners.ParentRunner$2.evaluate(ParentRunner.java:293)
	at org.junit.runners.ParentRunner$3.evaluate(ParentRunner.java:306)
	at org.junit.runners.ParentRunner.run(ParentRunner.java:413)
	at org.apache.maven.surefire.junit4.JUnit4Provider.execute(JUnit4Provider.java:365)
	at org.apache.maven.surefire.junit4.JUnit4Provider.executeWithRerun(JUnit4Provider.java:273)
	at org.apache.maven.surefire.junit4.JUnit4Provider.executeTestSet(JUnit4Provider.java:238)
	at org.apache.maven.surefire.junit4.JUnit4Provider.invoke(JUnit4Provider.java:159)
	at org.apache.maven.surefire.booter.ForkedBooter.runSuitesInProcess(ForkedBooter.java:377)
	at org.apache.maven.surefire.booter.ForkedBooter.execute(ForkedBooter.java:138)
	at org.apache.maven.surefire.booter.ForkedBooter.run(ForkedBooter.java:465)
	at org.apache.maven.surefire.booter.ForkedBooter.main(ForkedBooter.java:451)

[INFO] 
[INFO] Results:
[INFO] 
[ERROR] Errors: 
[ERROR]   TestTimelineClient.setup:76->createTimelineClient:462  IllegalArgument Invali...
[INFO] 
[ERROR] Tests run: 1, Failures: 0, Errors: 1, Skipped: 0
[INFO] 
[ERROR] There are test failures.

Please refer to /home/yuanfei2/hadoop/hadoop-yarn-project/hadoop-yarn/hadoop-yarn-common/target/surefire-reports for the individual test results.
Please refer to dump files (if any exist) [date].dump, [date]-jvmRun[N].dump and [date].dumpstream.
[INFO] ------------------------------------------------------------------------
[INFO] BUILD SUCCESS
[INFO] ------------------------------------------------------------------------
[INFO] Total time:  9.065 s
[INFO] Finished at: 2022-11-30T21:34:06-06:00
[INFO] ------------------------------------------------------------------------

>>>>[ctest_core] surefire report path: /home/yuanfei2/IDoCT/run_ctest/../../hadoop/hadoop-yarn-project/hadoop-yarn/hadoop-yarn-common/target/surefire-reports/TEST-org.apache.hadoop.yarn.client.api.impl.TestTimelineClient.xml
>>>>[ctest_core] test class outcome: {'{http://www.w3.org/2001/XMLSchema-instance}noNamespaceSchemaLocation': 'https://maven.apache.org/surefire/maven-surefire-plugin/xsd/surefire-test-report-3.0.xsd', 'version': '3.0', 'name': 'org.apache.hadoop.yarn.client.api.impl.TestTimelineClient', 'time': '1.348', 'tests': '1', 'errors': '1', 'skipped': '0', 'failures': '0'}
>>>>[ctest_core] unit test outcome: {'name': 'testDelegationTokenOperationsRetry', 'classname': 'org.apache.hadoop.yarn.client.api.impl.TestTimelineClient', 'time': '1.104'}
>>>>[ctest_core] result to be return:
org.apache.hadoop.yarn.client.api.impl.TestTimelineClient#testDelegationTokenOperationsRetry with running time 1.104 failed
>>>>[ctest_core] failed test output: java.lang.IllegalArgumentException: Invalid rule mechanism: none
	at org.apache.hadoop.security.authentication.util.KerberosName.setRuleMechanism(KerberosName.java:487)
	at org.apache.hadoop.security.HadoopKerberosName.setConfiguration(HadoopKerberosName.java:84)
	at org.apache.hadoop.security.UserGroupInformation.initialize(UserGroupInformation.java:314)
	at org.apache.hadoop.security.UserGroupInformation.ensureInitialized(UserGroupInformation.java:299)
	at org.apache.hadoop.security.UserGroupInformation.getCurrentUser(UserGroupInformation.java:574)
	at org.apache.hadoop.yarn.client.api.impl.TimelineClientImpl.serviceInit(TimelineClientImpl.java:112)
	at org.apache.hadoop.service.AbstractService.init(AbstractService.java:165)
	at org.apache.hadoop.yarn.client.api.impl.TestTimelineClient.createTimelineClient(TestTimelineClient.java:462)
	at org.apache.hadoop.yarn.client.api.impl.TestTimelineClient.setup(TestTimelineClient.java:76)
	at sun.reflect.NativeMethodAccessorImpl.invoke0(Native Method)
	at sun.reflect.NativeMethodAccessorImpl.invoke(NativeMethodAccessorImpl.java:62)
	at sun.reflect.DelegatingMethodAccessorImpl.invoke(DelegatingMethodAccessorImpl.java:43)
	at java.lang.reflect.Method.invoke(Method.java:498)
	at org.junit.runners.model.FrameworkMethod$1.runReflectiveCall(FrameworkMethod.java:59)
	at org.junit.internal.runners.model.ReflectiveCallable.run(ReflectiveCallable.java:12)
	at org.junit.runners.model.FrameworkMethod.invokeExplosively(FrameworkMethod.java:56)
	at org.junit.internal.runners.statements.RunBefores.invokeMethod(RunBefores.java:33)
	at org.junit.internal.runners.statements.RunBefores.evaluate(RunBefores.java:24)
	at org.junit.internal.runners.statements.RunAfters.evaluate(RunAfters.java:27)
	at org.junit.runners.ParentRunner$3.evaluate(ParentRunner.java:306)
	at org.junit.runners.BlockJUnit4ClassRunner$1.evaluate(BlockJUnit4ClassRunner.java:100)
	at org.junit.runners.ParentRunner.runLeaf(ParentRunner.java:366)
	at org.junit.runners.BlockJUnit4ClassRunner.runChild(BlockJUnit4ClassRunner.java:103)
	at org.junit.runners.BlockJUnit4ClassRunner.runChild(BlockJUnit4ClassRunner.java:63)
	at org.junit.runners.ParentRunner$4.run(ParentRunner.java:331)
	at org.junit.runners.ParentRunner$1.schedule(ParentRunner.java:79)
	at org.junit.runners.ParentRunner.runChildren(ParentRunner.java:329)
	at org.junit.runners.ParentRunner.access$100(ParentRunner.java:66)
	at org.junit.runners.ParentRunner$2.evaluate(ParentRunner.java:293)
	at org.junit.runners.ParentRunner$3.evaluate(ParentRunner.java:306)
	at org.junit.runners.ParentRunner.run(ParentRunner.java:413)
	at org.apache.maven.surefire.junit4.JUnit4Provider.execute(JUnit4Provider.java:365)
	at org.apache.maven.surefire.junit4.JUnit4Provider.executeWithRerun(JUnit4Provider.java:273)
	at org.apache.maven.surefire.junit4.JUnit4Provider.executeTestSet(JUnit4Provider.java:238)
	at org.apache.maven.surefire.junit4.JUnit4Provider.invoke(JUnit4Provider.java:159)
	at org.apache.maven.surefire.booter.ForkedBooter.runSuitesInProcess(ForkedBooter.java:377)
	at org.apache.maven.surefire.booter.ForkedBooter.execute(ForkedBooter.java:138)
	at org.apache.maven.surefire.booter.ForkedBooter.run(ForkedBooter.java:465)
	at org.apache.maven.surefire.booter.ForkedBooter.main(ForkedBooter.java:451)

>>>>[ctest_core] chdir to /home/yuanfei2/IDoCT/run_ctest/run_ctest
>>>>[ctest_core] python-timed for running config file: 11.678260087966919
>>>> cleaning injected configuration from file
>>>>[ctest_core] The single ctest FAIL
>>>>[ctest_core] total time: 11.678917407989502 seconds
